1633205128292	geckodriver	INFO	Listening on 127.0.0.1:46929
1633205129805	mozrunner::runner	INFO	Running command: "/usr/bin/firefox" "--marionette" "--headless" "-foreground" "-no-remote" "-profile" "/tmp/rust_mozprofilex2rFgD"
*** You are running in headless mode.
1633205131162	Marionette	INFO	Marionette enabled
[GFX1-]: RenderCompositorSWGL failed mapping default framebuffer, no dt
console.warn: SearchSettings: "get: No settings file exists, new profile?" (new NotFoundError("Could not open the file at /tmp/rust_mozprofilex2rFgD/search.json.mozlz4", (void 0)))
1633205132643	Marionette	INFO	Listening on port 43339
1633205132766	RemoteAgent	WARN	TLS certificate errors will be ignored for this session
1633205333499	geckodriver	INFO	Listening on 127.0.0.1:41663
1633205335471	mozrunner::runner	INFO	Running command: "/usr/bin/firefox" "--marionette" "--headless" "-foreground" "-no-remote" "-profile" "/tmp/rust_mozprofileVXCAAD"
*** You are running in headless mode.
1633205336763	Marionette	INFO	Marionette enabled
[GFX1-]: RenderCompositorSWGL failed mapping default framebuffer, no dt
console.warn: SearchSettings: "get: No settings file exists, new profile?" (new NotFoundError("Could not open the file at /tmp/rust_mozprofileVXCAAD/search.json.mozlz4", (void 0)))
1633205338258	Marionette	INFO	Listening on port 43385
1633205338319	RemoteAgent	WARN	TLS certificate errors will be ignored for this session
console.log: WebExtensions: reset-default-search: starting.
console.log: WebExtensions: reset-default-search: No addons in our list are installed.
console.log: WebExtensions: reset-default-search: starting.
console.log: WebExtensions: reset-default-search: No addons in our list are installed.
